<?xml version="1.0" encoding="UTF-8"?>
<testng-results skipped="0" failed="0" ignored="0" total="1" passed="1">
  <reporter-output>
    <line>
      <![CDATA[enter userName]]>
    </line>
    <line>
      <![CDATA[enter password]]>
    </line>
    <line>
      <![CDATA[click on login button]]>
    </line>
    <line>
      <![CDATA[Current url is : http://192.168.2.245:8282/SFM/home ]]>
    </line>
  </reporter-output>
  <suite name="SFM Testing" duration-ms="12559" started-at="2018-09-21T07:07:21Z" finished-at="2018-09-21T07:07:34Z">
    <groups>
    </groups>
    <test name="Regression Testing" duration-ms="12559" started-at="2018-09-21T07:07:21Z" finished-at="2018-09-21T07:07:34Z">
      <class name="com.sfm.test.uiActions.LoginTest">
        <test-method status="PASS" signature="setUp()[pri:0, instance:com.sfm.test.uiActions.LoginTest@548e7350]" name="setUp" is-config="true" duration-ms="6828" started-at="2018-09-21T07:07:21Z" finished-at="2018-09-21T07:07:28Z">
          <reporter-output>
          </reporter-output>
        </test-method> <!-- setUp -->
        <test-method status="PASS" signature="test()[pri:0, instance:com.sfm.test.uiActions.LoginTest@548e7350]" name="test" duration-ms="5097" started-at="2018-09-21T07:07:28Z" finished-at="2018-09-21T07:07:33Z">
          <reporter-output>
            <line>
              <![CDATA[enter userName]]>
            </line>
            <line>
              <![CDATA[enter password]]>
            </line>
            <line>
              <![CDATA[click on login button]]>
            </line>
            <line>
              <![CDATA[Current url is : http://192.168.2.245:8282/SFM/home ]]>
            </line>
          </reporter-output>
        </test-method> <!-- test -->
        <test-method status="PASS" signature="teardown()[pri:0, instance:com.sfm.test.uiActions.LoginTest@548e7350]" name="teardown" is-config="true" duration-ms="613" started-at="2018-09-21T07:07:33Z" finished-at="2018-09-21T07:07:34Z">
          <reporter-output>
          </reporter-output>
        </test-method> <!-- teardown -->
      </class> <!-- com.sfm.test.uiActions.LoginTest -->
    </test> <!-- Regression Testing -->
  </suite> <!-- SFM Testing -->
</testng-results>
